# JRE version: OpenJDK Runtime Environment (8.0_242-b01) (build 1.8.0_242-release-1644-b01)
# Java VM: OpenJDK 64-Bit Server VM (25.242-b01 mixed mode windows-amd64 compressed oops)
Heap:
 PSYoungGen      total 33792K, used 5281K [0x00000000f6100000, 0x00000000fb300000, 0x0000000100000000)
  eden space 32768K, 16% used [0x00000000f6100000,0x00000000f66287b8,0x00000000f8100000)
  from space 1024K, 0% used [0x00000000f8100000,0x00000000f8100000,0x00000000f8200000)
  to   space 9216K, 0% used [0x00000000faa00000,0x00000000faa00000,0x00000000fb300000)
 ParOldGen       total 20480K, used 17061K [0x00000000e2200000, 0x00000000e3600000, 0x00000000f6100000)
  object space 20480K, 83% used [0x00000000e2200000,0x00000000e32a9630,0x00000000e3600000)
 Metaspace       used 21365K, capacity 21908K, committed 22272K, reserved 1069056K
  class space    used 2546K, capacity 2702K, committed 2816K, reserved 1048576K
GC Heap History (10 events):
Event: 2.902 GC heap before
{Heap before GC invocations=2 (full 0):
 PSYoungGen      total 9216K, used 9187K [0x00000000f6100000, 0x00000000f7300000, 0x0000000100000000)
  eden space 8192K, 100% used [0x00000000f6100000,0x00000000f6900000,0x00000000f6900000)
  from space 1024K, 97% used [0x00000000f6900000,0x00000000f69f8e80,0x00000000f6a00000)
  to   space 1024K, 0% used [0x00000000f7200000,0x00000000f7200000,0x00000000f7300000)
 ParOldGen       total 20480K, used 1223K [0x00000000e2200000, 0x00000000e3600000, 0x00000000f6100000)
  object space 20480K, 5% used [0x00000000e2200000,0x00000000e2331ed0,0x00000000e3600000)
 Metaspace       used 7177K, capacity 7532K, committed 7808K, reserved 1056768K
  class space    used 718K, capacity 796K, committed 896K, reserved 1048576K
Event: 2.921 GC heap after
Heap after GC invocations=2 (full 0):
 PSYoungGen      total 17408K, used 1011K [0x00000000f6100000, 0x00000000f7300000, 0x0000000100000000)
  eden space 16384K, 0% used [0x00000000f6100000,0x00000000f6100000,0x00000000f7100000)
  from space 1024K, 98% used [0x00000000f7200000,0x00000000f72fcd78,0x00000000f7300000)
  to   space 1024K, 0% used [0x00000000f7100000,0x00000000f7100000,0x00000000f7200000)
 ParOldGen       total 20480K, used 2769K [0x00000000e2200000, 0x00000000e3600000, 0x00000000f6100000)
  object space 20480K, 13% used [0x00000000e2200000,0x00000000e24b44f8,0x00000000e3600000)
 Metaspace       used 7177K, capacity 7532K, committed 7808K, reserved 1056768K
  class space    used 718K, capacity 796K, committed 896K, reserved 1048576K
}
Event: 3.744 GC heap before
{Heap before GC invocations=3 (full 0):
 PSYoungGen      total 17408K, used 17395K [0x00000000f6100000, 0x00000000f7300000, 0x0000000100000000)
  eden space 16384K, 100% used [0x00000000f6100000,0x00000000f7100000,0x00000000f7100000)
  from space 1024K, 98% used [0x00000000f7200000,0x00000000f72fcd78,0x00000000f7300000)
  to   space 1024K, 0% used [0x00000000f7100000,0x00000000f7100000,0x00000000f7200000)
 ParOldGen       total 20480K, used 2769K [0x00000000e2200000, 0x00000000e3600000, 0x00000000f6100000)
  object space 20480K, 13% used [0x00000000e2200000,0x00000000e24b44f8,0x00000000e3600000)
 Metaspace       used 10099K, capacity 10236K, committed 10496K, reserved 1058816K
  class space    used 1102K, capacity 1180K, committed 1280K, reserved 1048576K
Event: 3.754 GC heap after
Heap after GC invocations=3 (full 0):
 PSYoungGen      total 17408K, used 1024K [0x00000000f6100000, 0x00000000f8300000, 0x0000000100000000)
  eden space 16384K, 0% used [0x00000000f6100000,0x00000000f6100000,0x00000000f7100000)
  from space 1024K, 100% used [0x00000000f7100000,0x00000000f7200000,0x00000000f7200000)
  to   space 1024K, 0% used [0x00000000f8200000,0x00000000f8200000,0x00000000f8300000)
 ParOldGen       total 20480K, used 6548K [0x00000000e2200000, 0x00000000e3600000, 0x00000000f6100000)
  object space 20480K, 31% used [0x00000000e2200000,0x00000000e28653a8,0x00000000e3600000)
 Metaspace       used 10099K, capacity 10236K, committed 10496K, reserved 1058816K
  class space    used 1102K, capacity 1180K, committed 1280K, reserved 1048576K
}
Event: 5.138 GC heap before
{Heap before GC invocations=4 (full 0):
 PSYoungGen      total 17408K, used 17408K [0x00000000f6100000, 0x00000000f8300000, 0x0000000100000000)
  eden space 16384K, 100% used [0x00000000f6100000,0x00000000f7100000,0x00000000f7100000)
  from space 1024K, 100% used [0x00000000f7100000,0x00000000f7200000,0x00000000f7200000)
  to   space 1024K, 0% used [0x00000000f8200000,0x00000000f8200000,0x00000000f8300000)
 ParOldGen       total 20480K, used 6548K [0x00000000e2200000, 0x00000000e3600000, 0x00000000f6100000)
  object space 20480K, 31% used [0x00000000e2200000,0x00000000e28653a8,0x00000000e3600000)
 Metaspace       used 12166K, capacity 12446K, committed 12800K, reserved 1060864K
  class space    used 1345K, capacity 1429K, committed 1536K, reserved 1048576K
Event: 5.176 GC heap after
Heap after GC invocations=4 (full 0):
 PSYoungGen      total 33792K, used 1024K [0x00000000f6100000, 0x00000000f8300000, 0x0000000100000000)
  eden space 32768K, 0% used [0x00000000f6100000,0x00000000f6100000,0x00000000f8100000)
  from space 1024K, 100% used [0x00000000f8200000,0x00000000f8300000,0x00000000f8300000)
  to   space 1024K, 0% used [0x00000000f8100000,0x00000000f8100000,0x00000000f8200000)
 ParOldGen       total 20480K, used 10406K [0x00000000e2200000, 0x00000000e3600000, 0x00000000f6100000)
  object space 20480K, 50% used [0x00000000e2200000,0x00000000e2c29a78,0x00000000e3600000)
 Metaspace       used 12166K, capacity 12446K, committed 12800K, reserved 1060864K
  class space    used 1345K, capacity 1429K, committed 1536K, reserved 1048576K
}
Event: 8.132 GC heap before
{Heap before GC invocations=5 (full 0):
 PSYoungGen      total 33792K, used 33792K [0x00000000f6100000, 0x00000000f8300000, 0x0000000100000000)
  eden space 32768K, 100% used [0x00000000f6100000,0x00000000f8100000,0x00000000f8100000)
  from space 1024K, 100% used [0x00000000f8200000,0x00000000f8300000,0x00000000f8300000)
  to   space 1024K, 0% used [0x00000000f8100000,0x00000000f8100000,0x00000000f8200000)
 ParOldGen       total 20480K, used 10406K [0x00000000e2200000, 0x00000000e3600000, 0x00000000f6100000)
  object space 20480K, 50% used [0x00000000e2200000,0x00000000e2c29a78,0x00000000e3600000)
 Metaspace       used 20084K, capacity 20498K, committed 20736K, reserved 1067008K
  class space    used 2345K, capacity 2493K, committed 2560K, reserved 1048576K
Event: 8.149 GC heap after
Heap after GC invocations=5 (full 0):
 PSYoungGen      total 33792K, used 1008K [0x00000000f6100000, 0x00000000fb300000, 0x0000000100000000)
  eden space 32768K, 0% used [0x00000000f6100000,0x00000000f6100000,0x00000000f8100000)
  from space 1024K, 98% used [0x00000000f8100000,0x00000000f81fc020,0x00000000f8200000)
  to   space 9216K, 0% used [0x00000000faa00000,0x00000000faa00000,0x00000000fb300000)
 ParOldGen       total 20480K, used 18307K [0x00000000e2200000, 0x00000000e3600000, 0x00000000f6100000)
  object space 20480K, 89% used [0x00000000e2200000,0x00000000e33e0fa0,0x00000000e3600000)
 Metaspace       used 20084K, capacity 20498K, committed 20736K, reserved 1067008K
  class space    used 2345K, capacity 2493K, committed 2560K, reserved 1048576K
}
Event: 8.149 GC heap before
{Heap before GC invocations=6 (full 1):
 PSYoungGen      total 33792K, used 1008K [0x00000000f6100000, 0x00000000fb300000, 0x0000000100000000)
  eden space 32768K, 0% used [0x00000000f6100000,0x00000000f6100000,0x00000000f8100000)
  from space 1024K, 98% used [0x00000000f8100000,0x00000000f81fc020,0x00000000f8200000)
  to   space 9216K, 0% used [0x00000000faa00000,0x00000000faa00000,0x00000000fb300000)
 ParOldGen       total 20480K, used 18307K [0x00000000e2200000, 0x00000000e3600000, 0x00000000f6100000)
  object space 20480K, 89% used [0x00000000e2200000,0x00000000e33e0fa0,0x00000000e3600000)
 Metaspace       used 20084K, capacity 20498K, committed 20736K, reserved 1067008K
  class space    used 2345K, capacity 2493K, committed 2560K, reserved 1048576K
Event: 8.306 GC heap after
Heap after GC invocations=6 (full 1):
 PSYoungGen      total 33792K, used 0K [0x00000000f6100000, 0x00000000fb300000, 0x0000000100000000)
  eden space 32768K, 0% used [0x00000000f6100000,0x00000000f6100000,0x00000000f8100000)
  from space 1024K, 0% used [0x00000000f8100000,0x00000000f8100000,0x00000000f8200000)
  to   space 9216K, 0% used [0x00000000faa00000,0x00000000faa00000,0x00000000fb300000)
 ParOldGen       total 20480K, used 17061K [0x00000000e2200000, 0x00000000e3600000, 0x00000000f6100000)
  object space 20480K, 83% used [0x00000000e2200000,0x00000000e32a9630,0x00000000e3600000)
 Metaspace       used 20084K, capacity 20498K, committed 20736K, reserved 1067008K
  class space    used 2345K, capacity 2493K, committed 2560K, reserved 1048576K
}

