# JRE version: OpenJDK Runtime Environment (8.0_242-b01) (build 1.8.0_242-release-1644-b01)
# Java VM: OpenJDK 64-Bit Server VM (25.242-b01 mixed mode windows-amd64 compressed oops)
Heap:
 PSYoungGen      total 33792K, used 9187K [0x00000000f6100000, 0x00000000fb300000, 0x0000000100000000)
  eden space 32768K, 28% used [0x00000000f6100000,0x00000000f69f8f38,0x00000000f8100000)
  from space 1024K, 0% used [0x00000000f8100000,0x00000000f8100000,0x00000000f8200000)
  to   space 9216K, 0% used [0x00000000faa00000,0x00000000faa00000,0x00000000fb300000)
 ParOldGen       total 35328K, used 14533K [0x00000000e2200000, 0x00000000e4480000, 0x00000000f6100000)
  object space 35328K, 41% used [0x00000000e2200000,0x00000000e30314e8,0x00000000e4480000)
 Metaspace       used 21613K, capacity 22112K, committed 22272K, reserved 1069056K
  class space    used 2566K, capacity 2704K, committed 2816K, reserved 1048576K
GC Heap History (10 events):
Event: 2.214 GC heap before
{Heap before GC invocations=2 (full 0):
 PSYoungGen      total 9216K, used 9201K [0x00000000f6100000, 0x00000000f7300000, 0x0000000100000000)
  eden space 8192K, 100% used [0x00000000f6100000,0x00000000f6900000,0x00000000f6900000)
  from space 1024K, 98% used [0x00000000f6900000,0x00000000f69fc608,0x00000000f6a00000)
  to   space 1024K, 0% used [0x00000000f7200000,0x00000000f7200000,0x00000000f7300000)
 ParOldGen       total 20480K, used 1232K [0x00000000e2200000, 0x00000000e3600000, 0x00000000f6100000)
  object space 20480K, 6% used [0x00000000e2200000,0x00000000e2334170,0x00000000e3600000)
 Metaspace       used 7194K, capacity 7532K, committed 7808K, reserved 1056768K
  class space    used 718K, capacity 796K, committed 896K, reserved 1048576K
Event: 2.220 GC heap after
Heap after GC invocations=2 (full 0):
 PSYoungGen      total 17408K, used 1003K [0x00000000f6100000, 0x00000000f7300000, 0x0000000100000000)
  eden space 16384K, 0% used [0x00000000f6100000,0x00000000f6100000,0x00000000f7100000)
  from space 1024K, 98% used [0x00000000f7200000,0x00000000f72fafd0,0x00000000f7300000)
  to   space 1024K, 0% used [0x00000000f7100000,0x00000000f7100000,0x00000000f7200000)
 ParOldGen       total 20480K, used 2739K [0x00000000e2200000, 0x00000000e3600000, 0x00000000f6100000)
  object space 20480K, 13% used [0x00000000e2200000,0x00000000e24acde8,0x00000000e3600000)
 Metaspace       used 7194K, capacity 7532K, committed 7808K, reserved 1056768K
  class space    used 718K, capacity 796K, committed 896K, reserved 1048576K
}
Event: 4.438 GC heap before
{Heap before GC invocations=3 (full 0):
 PSYoungGen      total 17408K, used 17387K [0x00000000f6100000, 0x00000000f7300000, 0x0000000100000000)
  eden space 16384K, 100% used [0x00000000f6100000,0x00000000f7100000,0x00000000f7100000)
  from space 1024K, 98% used [0x00000000f7200000,0x00000000f72fafd0,0x00000000f7300000)
  to   space 1024K, 0% used [0x00000000f7100000,0x00000000f7100000,0x00000000f7200000)
 ParOldGen       total 20480K, used 2739K [0x00000000e2200000, 0x00000000e3600000, 0x00000000f6100000)
  object space 20480K, 13% used [0x00000000e2200000,0x00000000e24acde8,0x00000000e3600000)
 Metaspace       used 10151K, capacity 10300K, committed 10496K, reserved 1058816K
  class space    used 1102K, capacity 1180K, committed 1280K, reserved 1048576K
Event: 4.505 GC heap after
Heap after GC invocations=3 (full 0):
 PSYoungGen      total 17408K, used 1005K [0x00000000f6100000, 0x00000000f8300000, 0x0000000100000000)
  eden space 16384K, 0% used [0x00000000f6100000,0x00000000f6100000,0x00000000f7100000)
  from space 1024K, 98% used [0x00000000f7100000,0x00000000f71fb788,0x00000000f7200000)
  to   space 1024K, 0% used [0x00000000f8200000,0x00000000f8200000,0x00000000f8300000)
 ParOldGen       total 20480K, used 6436K [0x00000000e2200000, 0x00000000e3600000, 0x00000000f6100000)
  object space 20480K, 31% used [0x00000000e2200000,0x00000000e2849008,0x00000000e3600000)
 Metaspace       used 10151K, capacity 10300K, committed 10496K, reserved 1058816K
  class space    used 1102K, capacity 1180K, committed 1280K, reserved 1048576K
}
Event: 6.409 GC heap before
{Heap before GC invocations=4 (full 0):
 PSYoungGen      total 17408K, used 17389K [0x00000000f6100000, 0x00000000f8300000, 0x0000000100000000)
  eden space 16384K, 100% used [0x00000000f6100000,0x00000000f7100000,0x00000000f7100000)
  from space 1024K, 98% used [0x00000000f7100000,0x00000000f71fb788,0x00000000f7200000)
  to   space 1024K, 0% used [0x00000000f8200000,0x00000000f8200000,0x00000000f8300000)
 ParOldGen       total 20480K, used 6436K [0x00000000e2200000, 0x00000000e3600000, 0x00000000f6100000)
  object space 20480K, 31% used [0x00000000e2200000,0x00000000e2849008,0x00000000e3600000)
 Metaspace       used 12182K, capacity 12382K, committed 12544K, reserved 1060864K
  class space    used 1347K, capacity 1429K, committed 1536K, reserved 1048576K
Event: 6.425 GC heap after
Heap after GC invocations=4 (full 0):
 PSYoungGen      total 33792K, used 1005K [0x00000000f6100000, 0x00000000f8300000, 0x0000000100000000)
  eden space 32768K, 0% used [0x00000000f6100000,0x00000000f6100000,0x00000000f8100000)
  from space 1024K, 98% used [0x00000000f8200000,0x00000000f82fb788,0x00000000f8300000)
  to   space 1024K, 0% used [0x00000000f8100000,0x00000000f8100000,0x00000000f8200000)
 ParOldGen       total 20480K, used 10287K [0x00000000e2200000, 0x00000000e3600000, 0x00000000f6100000)
  object space 20480K, 50% used [0x00000000e2200000,0x00000000e2c0be40,0x00000000e3600000)
 Metaspace       used 12182K, capacity 12382K, committed 12544K, reserved 1060864K
  class space    used 1347K, capacity 1429K, committed 1536K, reserved 1048576K
}
Event: 9.061 GC heap before
{Heap before GC invocations=5 (full 0):
 PSYoungGen      total 33792K, used 33773K [0x00000000f6100000, 0x00000000f8300000, 0x0000000100000000)
  eden space 32768K, 100% used [0x00000000f6100000,0x00000000f8100000,0x00000000f8100000)
  from space 1024K, 98% used [0x00000000f8200000,0x00000000f82fb788,0x00000000f8300000)
  to   space 1024K, 0% used [0x00000000f8100000,0x00000000f8100000,0x00000000f8200000)
 ParOldGen       total 20480K, used 10287K [0x00000000e2200000, 0x00000000e3600000, 0x00000000f6100000)
  object space 20480K, 50% used [0x00000000e2200000,0x00000000e2c0be40,0x00000000e3600000)
 Metaspace       used 20119K, capacity 20562K, committed 20736K, reserved 1067008K
  class space    used 2348K, capacity 2493K, committed 2560K, reserved 1048576K
Event: 9.082 GC heap after
Heap after GC invocations=5 (full 0):
 PSYoungGen      total 33792K, used 1005K [0x00000000f6100000, 0x00000000fb300000, 0x0000000100000000)
  eden space 32768K, 0% used [0x00000000f6100000,0x00000000f6100000,0x00000000f8100000)
  from space 1024K, 98% used [0x00000000f8100000,0x00000000f81fb7a8,0x00000000f8200000)
  to   space 9216K, 0% used [0x00000000faa00000,0x00000000faa00000,0x00000000fb300000)
 ParOldGen       total 20480K, used 18016K [0x00000000e2200000, 0x00000000e3600000, 0x00000000f6100000)
  object space 20480K, 87% used [0x00000000e2200000,0x00000000e33982c0,0x00000000e3600000)
 Metaspace       used 20119K, capacity 20562K, committed 20736K, reserved 1067008K
  class space    used 2348K, capacity 2493K, committed 2560K, reserved 1048576K
}
Event: 9.082 GC heap before
{Heap before GC invocations=6 (full 1):
 PSYoungGen      total 33792K, used 1005K [0x00000000f6100000, 0x00000000fb300000, 0x0000000100000000)
  eden space 32768K, 0% used [0x00000000f6100000,0x00000000f6100000,0x00000000f8100000)
  from space 1024K, 98% used [0x00000000f8100000,0x00000000f81fb7a8,0x00000000f8200000)
  to   space 9216K, 0% used [0x00000000faa00000,0x00000000faa00000,0x00000000fb300000)
 ParOldGen       total 20480K, used 18016K [0x00000000e2200000, 0x00000000e3600000, 0x00000000f6100000)
  object space 20480K, 87% used [0x00000000e2200000,0x00000000e33982c0,0x00000000e3600000)
 Metaspace       used 20119K, capacity 20562K, committed 20736K, reserved 1067008K
  class space    used 2348K, capacity 2493K, committed 2560K, reserved 1048576K
Event: 9.208 GC heap after
Heap after GC invocations=6 (full 1):
 PSYoungGen      total 33792K, used 0K [0x00000000f6100000, 0x00000000fb300000, 0x0000000100000000)
  eden space 32768K, 0% used [0x00000000f6100000,0x00000000f6100000,0x00000000f8100000)
  from space 1024K, 0% used [0x00000000f8100000,0x00000000f8100000,0x00000000f8200000)
  to   space 9216K, 0% used [0x00000000faa00000,0x00000000faa00000,0x00000000fb300000)
 ParOldGen       total 35328K, used 14533K [0x00000000e2200000, 0x00000000e4480000, 0x00000000f6100000)
  object space 35328K, 41% used [0x00000000e2200000,0x00000000e30314e8,0x00000000e4480000)
 Metaspace       used 20119K, capacity 20562K, committed 20736K, reserved 1067008K
  class space    used 2348K, capacity 2493K, committed 2560K, reserved 1048576K
}

