# JRE version: OpenJDK Runtime Environment (8.0_242-b01) (build 1.8.0_242-release-1644-b01)
# Java VM: OpenJDK 64-Bit Server VM (25.242-b01 mixed mode windows-amd64 compressed oops)
Heap:
 PSYoungGen      total 459264K, used 34264K [0x00000000d5580000, 0x00000000ff300000, 0x0000000100000000)
  eden space 455168K, 7% used [0x00000000d5580000,0x00000000d76f6248,0x00000000f1200000)
  from space 4096K, 0% used [0x00000000f1200000,0x00000000f1200000,0x00000000f1600000)
  to   space 115200K, 0% used [0x00000000f8280000,0x00000000f8280000,0x00000000ff300000)
 ParOldGen       total 282112K, used 58059K [0x0000000080000000, 0x0000000091380000, 0x00000000d5580000)
  object space 282112K, 20% used [0x0000000080000000,0x00000000838b2d58,0x0000000091380000)
 Metaspace       used 129890K, capacity 137264K, committed 154800K, reserved 1183744K
  class space    used 16091K, capacity 17352K, committed 20400K, reserved 1048576K
GC Heap History (10 events):
Event: 21711.384 GC heap before
{Heap before GC invocations=62 (full 11):
 PSYoungGen      total 575488K, used 96501K [0x00000000d5580000, 0x0000000100000000, 0x0000000100000000)
  eden space 449024K, 17% used [0x00000000d5580000,0x00000000da0bb498,0x00000000f0c00000)
  from space 126464K, 15% used [0x00000000f8480000,0x00000000f9782268,0x0000000100000000)
  to   space 123392K, 0% used [0x00000000f0c00000,0x00000000f0c00000,0x00000000f8480000)
 ParOldGen       total 282112K, used 73235K [0x0000000080000000, 0x0000000091380000, 0x00000000d5580000)
  object space 282112K, 25% used [0x0000000080000000,0x0000000084784e30,0x0000000091380000)
 Metaspace       used 144790K, capacity 152120K, committed 158896K, reserved 1187840K
  class space    used 17817K, capacity 19105K, committed 20400K, reserved 1048576K
Event: 21712.070 GC heap after
Heap after GC invocations=62 (full 11):
 PSYoungGen      total 572416K, used 15411K [0x00000000d5580000, 0x0000000100000000, 0x0000000100000000)
  eden space 449024K, 0% used [0x00000000d5580000,0x00000000d5580000,0x00000000f0c00000)
  from space 123392K, 12% used [0x00000000f0c00000,0x00000000f1b0ccd8,0x00000000f8480000)
  to   space 120320K, 0% used [0x00000000f8a80000,0x00000000f8a80000,0x0000000100000000)
 ParOldGen       total 282112K, used 73235K [0x0000000080000000, 0x0000000091380000, 0x00000000d5580000)
  object space 282112K, 25% used [0x0000000080000000,0x0000000084784e30,0x0000000091380000)
 Metaspace       used 144790K, capacity 152120K, committed 158896K, reserved 1187840K
  class space    used 17817K, capacity 19105K, committed 20400K, reserved 1048576K
}
Event: 21712.070 GC heap before
{Heap before GC invocations=63 (full 12):
 PSYoungGen      total 572416K, used 15411K [0x00000000d5580000, 0x0000000100000000, 0x0000000100000000)
  eden space 449024K, 0% used [0x00000000d5580000,0x00000000d5580000,0x00000000f0c00000)
  from space 123392K, 12% used [0x00000000f0c00000,0x00000000f1b0ccd8,0x00000000f8480000)
  to   space 120320K, 0% used [0x00000000f8a80000,0x00000000f8a80000,0x0000000100000000)
 ParOldGen       total 282112K, used 73235K [0x0000000080000000, 0x0000000091380000, 0x00000000d5580000)
  object space 282112K, 25% used [0x0000000080000000,0x0000000084784e30,0x0000000091380000)
 Metaspace       used 144790K, capacity 152120K, committed 158896K, reserved 1187840K
  class space    used 17817K, capacity 19105K, committed 20400K, reserved 1048576K
Event: 21726.623 GC heap after
Heap after GC invocations=63 (full 12):
 PSYoungGen      total 572416K, used 0K [0x00000000d5580000, 0x0000000100000000, 0x0000000100000000)
  eden space 449024K, 0% used [0x00000000d5580000,0x00000000d5580000,0x00000000f0c00000)
  from space 123392K, 0% used [0x00000000f0c00000,0x00000000f0c00000,0x00000000f8480000)
  to   space 120320K, 0% used [0x00000000f8a80000,0x00000000f8a80000,0x0000000100000000)
 ParOldGen       total 282112K, used 70942K [0x0000000080000000, 0x0000000091380000, 0x00000000d5580000)
  object space 282112K, 25% used [0x0000000080000000,0x00000000845478b0,0x0000000091380000)
 Metaspace       used 129100K, capacity 135904K, committed 154800K, reserved 1183744K
  class space    used 15989K, capacity 17165K, committed 20400K, reserved 1048576K
}
Event: 22096.799 GC heap before
{Heap before GC invocations=64 (full 12):
 PSYoungGen      total 572416K, used 449024K [0x00000000d5580000, 0x0000000100000000, 0x0000000100000000)
  eden space 449024K, 100% used [0x00000000d5580000,0x00000000f0c00000,0x00000000f0c00000)
  from space 123392K, 0% used [0x00000000f0c00000,0x00000000f0c00000,0x00000000f8480000)
  to   space 120320K, 0% used [0x00000000f8a80000,0x00000000f8a80000,0x0000000100000000)
 ParOldGen       total 282112K, used 70942K [0x0000000080000000, 0x0000000091380000, 0x00000000d5580000)
  object space 282112K, 25% used [0x0000000080000000,0x00000000845478b0,0x0000000091380000)
 Metaspace       used 130082K, capacity 137222K, committed 154800K, reserved 1183744K
  class space    used 16096K, capacity 17362K, committed 20400K, reserved 1048576K
Event: 22099.510 GC heap after
Heap after GC invocations=64 (full 12):
 PSYoungGen      total 566272K, used 14204K [0x00000000d5580000, 0x00000000ff700000, 0x0000000100000000)
  eden space 455168K, 0% used [0x00000000d5580000,0x00000000d5580000,0x00000000f1200000)
  from space 111104K, 12% used [0x00000000f8a80000,0x00000000f985f058,0x00000000ff700000)
  to   space 117248K, 0% used [0x00000000f1200000,0x00000000f1200000,0x00000000f8480000)
 ParOldGen       total 282112K, used 70950K [0x0000000080000000, 0x0000000091380000, 0x00000000d5580000)
  object space 282112K, 25% used [0x0000000080000000,0x00000000845498b0,0x0000000091380000)
 Metaspace       used 130082K, capacity 137222K, committed 154800K, reserved 1183744K
  class space    used 16096K, capacity 17362K, committed 20400K, reserved 1048576K
}
Event: 25327.122 GC heap before
{Heap before GC invocations=65 (full 12):
 PSYoungGen      total 566272K, used 50728K [0x00000000d5580000, 0x00000000ff700000, 0x0000000100000000)
  eden space 455168K, 8% used [0x00000000d5580000,0x00000000d792b080,0x00000000f1200000)
  from space 111104K, 12% used [0x00000000f8a80000,0x00000000f985f058,0x00000000ff700000)
  to   space 117248K, 0% used [0x00000000f1200000,0x00000000f1200000,0x00000000f8480000)
 ParOldGen       total 282112K, used 70950K [0x0000000080000000, 0x0000000091380000, 0x00000000d5580000)
  object space 282112K, 25% used [0x0000000080000000,0x00000000845498b0,0x0000000091380000)
 Metaspace       used 130109K, capacity 137286K, committed 154800K, reserved 1183744K
  class space    used 16096K, capacity 17362K, committed 20400K, reserved 1048576K
Event: 25328.270 GC heap after
Heap after GC invocations=65 (full 12):
 PSYoungGen      total 459264K, used 3600K [0x00000000d5580000, 0x00000000ff300000, 0x0000000100000000)
  eden space 455168K, 0% used [0x00000000d5580000,0x00000000d5580000,0x00000000f1200000)
  from space 4096K, 87% used [0x00000000f1200000,0x00000000f1584010,0x00000000f1600000)
  to   space 115200K, 0% used [0x00000000f8280000,0x00000000f8280000,0x00000000ff300000)
 ParOldGen       total 282112K, used 70958K [0x0000000080000000, 0x0000000091380000, 0x00000000d5580000)
  object space 282112K, 25% used [0x0000000080000000,0x000000008454b8b0,0x0000000091380000)
 Metaspace       used 130109K, capacity 137286K, committed 154800K, reserved 1183744K
  class space    used 16096K, capacity 17362K, committed 20400K, reserved 1048576K
}
Event: 25328.270 GC heap before
{Heap before GC invocations=66 (full 13):
 PSYoungGen      total 459264K, used 3600K [0x00000000d5580000, 0x00000000ff300000, 0x0000000100000000)
  eden space 455168K, 0% used [0x00000000d5580000,0x00000000d5580000,0x00000000f1200000)
  from space 4096K, 87% used [0x00000000f1200000,0x00000000f1584010,0x00000000f1600000)
  to   space 115200K, 0% used [0x00000000f8280000,0x00000000f8280000,0x00000000ff300000)
 ParOldGen       total 282112K, used 70958K [0x0000000080000000, 0x0000000091380000, 0x00000000d5580000)
  object space 282112K, 25% used [0x0000000080000000,0x000000008454b8b0,0x0000000091380000)
 Metaspace       used 130109K, capacity 137286K, committed 154800K, reserved 1183744K
  class space    used 16096K, capacity 17362K, committed 20400K, reserved 1048576K
Event: 25343.885 GC heap after
Heap after GC invocations=66 (full 13):
 PSYoungGen      total 459264K, used 0K [0x00000000d5580000, 0x00000000ff300000, 0x0000000100000000)
  eden space 455168K, 0% used [0x00000000d5580000,0x00000000d5580000,0x00000000f1200000)
  from space 4096K, 0% used [0x00000000f1200000,0x00000000f1200000,0x00000000f1600000)
  to   space 115200K, 0% used [0x00000000f8280000,0x00000000f8280000,0x00000000ff300000)
 ParOldGen       total 282112K, used 58059K [0x0000000080000000, 0x0000000091380000, 0x00000000d5580000)
  object space 282112K, 20% used [0x0000000080000000,0x00000000838b2d58,0x0000000091380000)
 Metaspace       used 129362K, capacity 135990K, committed 154800K, reserved 1183744K
  class space    used 15974K, capacity 17136K, committed 20400K, reserved 1048576K
}

